<?xml version="1.0" encoding="UTF-8"?>
<testng-results ignored="0" total="1" passed="1" failed="0" skipped="0">
  <reporter-output>
  </reporter-output>
  <suite started-at="2026-02-07T01:26:40 IST" name="Default Suite" finished-at="2026-02-07T01:26:47 IST" duration-ms="6640">
    <groups>
    </groups>
    <test started-at="2026-02-07T01:26:40 IST" name="HybridFramework3rdFeb" finished-at="2026-02-07T01:26:47 IST" duration-ms="6640">
      <class name="testClasses.LoginPageTest">
        <test-method is-config="true" signature="init()[pri:0, instance:testClasses.LoginPageTest@4b2a01d4]" started-at="2026-02-07T01:26:40 IST" name="init" finished-at="2026-02-07T01:26:45 IST" duration-ms="4994" status="PASS">
          <reporter-output>
          </reporter-output>
        </test-method> <!-- init -->
        <test-method signature="testValidLogin()[pri:0, instance:testClasses.LoginPageTest@4b2a01d4]" started-at="2026-02-07T01:26:45 IST" name="testValidLogin" description="Verify user can login with valid credentials" finished-at="2026-02-07T01:26:47 IST" duration-ms="1531" status="PASS">
          <reporter-output>
          </reporter-output>
        </test-method> <!-- testValidLogin -->
      </class> <!-- testClasses.LoginPageTest -->
    </test> <!-- HybridFramework3rdFeb -->
  </suite> <!-- Default Suite -->
</testng-results>
